Running, press 'x' to exit...
h= 168
a= 85
d= 976.470588235
b= 158
l= 312.282352941
backheight= 480.282352941
backdepth= 1976.47058824
width2d= 312
height2d= 243
backwidth= 616.658823529
back3d= [[ 616.65882353  480.28235294    0.        ]
 [   0.          480.28235294    0.        ]
 [   0.            0.            0.        ]
 [ 616.65882353    0.            0.        ]]
right3d= [[ 616.65882353  480.28235294  951.2425291 ]
 [ 616.65882353  480.28235294    0.        ]
 [ 616.65882353    0.            0.        ]
 [ 616.65882353    0.          951.2425291 ]]
top3d= [[ 616.65882353  480.28235294  712.16956418]
 [   0.          480.28235294  712.16956418]
 [   0.          480.28235294    0.        ]
 [ 616.65882353  480.28235294    0.        ]]
left3d= [[   0.          480.28235294    0.        ]
 [   0.          480.28235294  884.07681839]
 [   0.            0.          884.07681839]
 [   0.            0.            0.        ]]
bottom3d= [[ 616.65882353    0.            0.        ]
 [   0.            0.            0.        ]
 [   0.            0.          976.47058824]
 [ 616.65882353    0.          976.47058824]]
