Computing intermediate frame 1...
intermediate_pts = 
[[   0.            0.        ]
 [ 199.            0.        ]
 [   0.          199.        ]
 [ 199.          199.        ]
 [   9.55555556   60.22222222]
 [  30.77777778  173.11111111]
 [  93.77777778   78.22222222]
 [ 102.          125.11111111]
 [ 132.77777778   93.11111111]
 [ 140.44444444   81.88888889]
 [ 144.44444444  104.11111111]]
intermediate_triang simplices = 
[[ 1  6  0]
 [ 4  2  0]
 [ 6  4  0]
 [ 9  6  1]
 [ 7  4  6]
 [ 5  3  2]
 [ 5  7  3]
 [ 4  5  2]
 [ 7  5  4]
 [ 7 10  3]
 [ 3 10  1]
 [10  9  1]
 [ 8  7  6]
 [ 8 10  7]
 [ 9  8  6]
 [10  8  9]]
Computing intermediate frame 2...
intermediate_pts = 
[[   0.            0.        ]
 [ 199.            0.        ]
 [   0.          199.        ]
 [ 199.          199.        ]
 [  16.11111111   59.44444444]
 [  40.55555556  171.22222222]
 [  99.55555556   76.44444444]
 [ 108.          121.22222222]
 [ 137.55555556   90.22222222]
 [ 144.88888889   79.77777778]
 [ 148.88888889  101.22222222]]
intermediate_triang simplices = 
[[ 1  6  0]
 [ 4  2  0]
 [ 6  4  0]
 [ 9  6  1]
 [ 7  4  6]
 [ 5  3  2]
 [ 5  7  3]
 [ 4  5  2]
 [ 7  5  4]
 [ 7 10  3]
 [ 3 10  1]
 [10  9  1]
 [ 8  7  6]
 [ 8 10  7]
 [ 9  8  6]
 [10  8  9]]
Computing intermediate frame 3...
intermediate_pts = 
[[   0.            0.        ]
 [ 199.            0.        ]
 [   0.          199.        ]
 [ 199.          199.        ]
 [  22.66666667   58.66666667]
 [  50.33333333  169.33333333]
 [ 105.33333333   74.66666667]
 [ 114.          117.33333333]
 [ 142.33333333   87.33333333]
 [ 149.33333333   77.66666667]
 [ 153.33333333   98.33333333]]
intermediate_triang simplices = 
[[ 4  2  0]
 [ 3 10  1]
 [ 7 10  3]
 [ 5  3  2]
 [ 5  7  3]
 [ 4  5  2]
 [ 5  4  7]
 [ 4  6  7]
 [ 1  6  0]
 [ 6  4  0]
 [ 8 10  7]
 [ 6  8  7]
 [ 9  6  1]
 [ 9  8  6]
 [10  9  1]
 [ 8  9 10]]
Computing intermediate frame 4...
intermediate_pts = 
[[   0.            0.        ]
 [ 199.            0.        ]
 [   0.          199.        ]
 [ 199.          199.        ]
 [  29.22222222   57.88888889]
 [  60.11111111  167.44444444]
 [ 111.11111111   72.88888889]
 [ 120.          113.44444444]
 [ 147.11111111   84.44444444]
 [ 153.77777778   75.55555556]
 [ 157.77777778   95.44444444]]
intermediate_triang simplices = 
[[ 4  2  0]
 [ 3 10  1]
 [ 7 10  3]
 [ 5  3  2]
 [ 5  7  3]
 [ 4  5  2]
 [ 5  4  7]
 [ 4  6  7]
 [ 1  6  0]
 [ 6  4  0]
 [ 8 10  7]
 [ 6  8  7]
 [ 9  6  1]
 [ 9  8  6]
 [10  9  1]
 [ 8  9 10]]
Computing intermediate frame 5...
intermediate_pts = 
[[   0.            0.        ]
 [ 199.            0.        ]
 [   0.          199.        ]
 [ 199.          199.        ]
 [  35.77777778   57.11111111]
 [  69.88888889  165.55555556]
 [ 116.88888889   71.11111111]
 [ 126.          109.55555556]
 [ 151.88888889   81.55555556]
 [ 158.22222222   73.44444444]
 [ 162.22222222   92.55555556]]
intermediate_triang simplices = 
[[ 4  2  0]
 [ 3 10  1]
 [ 7 10  3]
 [ 5  3  2]
 [ 5  7  3]
 [ 4  5  2]
 [ 5  4  7]
 [ 4  6  7]
 [ 1  6  0]
 [ 6  4  0]
 [ 8 10  7]
 [ 6  8  7]
 [ 9  6  1]
 [ 9  8  6]
 [10  9  1]
 [ 8  9 10]]
Computing intermediate frame 6...
intermediate_pts = 
[[   0.            0.        ]
 [ 199.            0.        ]
 [   0.          199.        ]
 [ 199.          199.        ]
 [  42.33333333   56.33333333]
 [  79.66666667  163.66666667]
 [ 122.66666667   69.33333333]
 [ 132.          105.66666667]
 [ 156.66666667   78.66666667]
 [ 162.66666667   71.33333333]
 [ 166.66666667   89.66666667]]
intermediate_triang simplices = 
[[ 4  2  0]
 [ 3 10  1]
 [ 7 10  3]
 [ 5  3  2]
 [ 5  7  3]
 [ 4  5  2]
 [ 5  4  7]
 [ 4  6  7]
 [ 1  6  0]
 [ 6  4  0]
 [ 8 10  7]
 [ 6  8  7]
 [ 9  6  1]
 [ 9  8  6]
 [10  9  1]
 [ 8  9 10]]
Computing intermediate frame 7...
intermediate_pts = 
[[   0.            0.        ]
 [ 199.            0.        ]
 [   0.          199.        ]
 [ 199.          199.        ]
 [  48.88888889   55.55555556]
 [  89.44444444  161.77777778]
 [ 128.44444444   67.55555556]
 [ 138.          101.77777778]
 [ 161.44444444   75.77777778]
 [ 167.11111111   69.22222222]
 DEV.LS h264                 H.264 / AVC / MPEG-4 AVC / MPEG-4 part 10 (decoders: h264 h264_vda ) (encoders: libx264 libx264rgb h264_videotoolbox )
 [ 171.11111111   86.77777778]]
intermediate_triang simplices = 
[[ 4  2  0]
 [ 1  4  0]
 [ 3 10  1]
 [ 7 10  3]
 [ 5  3  2]
 [ 5  7  3]
 [ 4  5  2]
 [ 5  4  7]
 [ 6  4  1]
 [ 4  6  7]
 [ 8 10  7]
 [ 6  8  7]
 [10  9  1]
 [ 8  9 10]
 [ 9  6  1]
 [ 9  8  6]]
Computing intermediate frame 8...
intermediate_pts = 
[[   0.            0.        ]
 [ 199.            0.        ]
 [   0.          199.        ]
 [ 199.          199.        ]
 [  55.44444444   54.77777778]
 [  99.22222222  159.88888889]
 [ 134.22222222   65.77777778]
 [ 144.           97.88888889]
 [ 166.22222222   72.88888889]
 [ 171.55555556   67.11111111]
 [ 175.55555556   83.88888889]]
intermediate_triang simplices = 
[[ 4  2  0]
 [ 1  4  0]
 [ 3 10  1]
 [ 7 10  3]
 [ 5  3  2]
 [ 5  7  3]
 [ 4  5  2]
 [ 5  4  7]
 [ 6  4  1]
 [ 4  6  7]
 [ 8 10  7]
 [ 6  8  7]
 [10  9  1]
 [ 8  9 10]
 [ 9  6  1]
 [ 9  8  6]]
